-------------------------------------------------------------------------------
Test set: TestSuite
-------------------------------------------------------------------------------
Tests run: 1, Failures: 1, Errors: 0, Skipped: 0, Time elapsed: 9.928 s <<< FAILURE! - in TestSuite
Flipkart(TestngFrameWork.Tests.TestCase)  Time elapsed: 0.107 s  <<< FAILURE!
java.lang.NullPointerException: Cannot invoke "TestngFrameWork.PageObject.copy.HomePage.getFashionEle()" because "this.HomePage" is null
	at TestngFrameWork.Tests.TestCase.Flipkart(TestCase.java:28)

